Arguments: 
  C:\Program Files\nodejs\node.exe C:\Users\KASUN\.global-modules\node_modules\yarn\bin\yarn.js install

PATH: 
  C:\Program Files (x86)\Common Files\Oracle\Java\javapath;C:\Python38\Scripts\;C:\Python38\;C:\Python27\;C:\Python27\Scripts;C:\Users\KASUN\AppData\Roaming\npm;C:\ProgramData\chocolatey\bin;C:\Program Files\nodejs\;C:\WINDOWS\system32;C:\WINDOWS;C:\WINDOWS\System32\Wbem;C:\WINDOWS\System32\WindowsPowerShell\v1.0\;C:\Users\KASUN\AppData\Local\Android\Sdk;C:\Users\KASUN\AppData\Roaming\npm;C:\Users\KASUN\.global-modules;C:\Program Files (x86)\Yarn\bin\;C:\Users\KASUN\AppData\Local\Android\Sdk\build-tools;C:\Program Files\Java\jdk1.8.0_251\bin;C:\Program Files\Git\cmd;C:\xampp\php;C:\ProgramData\ComposerSetup\bin;C:\Program Files\Symfony;C:\Users\KASUN\AppData\Local\Programs\Python\Python38-32\Scripts\;C:\Users\KASUN\AppData\Local\Programs\Python\Python38-32\;C:\Python38\Scripts\;C:\Python38\;C:\Python27\;C:\Python27\Scripts;C:\Users\KASUN\AppData\Roaming\npm;C:\ProgramData\chocolatey\bin;C:\Program Files\nodejs\;C:\WINDOWS\system32;C:\WINDOWS;C:\WINDOWS\System32\Wbem;C:\WINDOWS\System32\WindowsPowerShell\v1.0\;C:\Users\KASUN\AppData\Local\Android\Sdk;C:\Users\KASUN\AppData\Roaming\npm;C:\Users\KASUN\.global-modules;C:\Program Files\Git\cmd;C:\Program Files (x86)\Yarn\bin\;C:\Users\KASUN\AppData\Local\Android\Sdk\build-tools;C:\xampp\php;C:\ProgramData\ComposerSetup\bin;C:\Program Files\Java\jdk1.8.0_251\bin;C:\Users\KASUN\AppData\Local\Programs\Python\Python36\Scripts\;C:\Users\KASUN\AppData\Local\Programs\Python\Python36\;C:\Users\KASUN\AppData\Roaming\Composer\vendor\bin;C:\Users\KASUN\AppData\Local\Yarn\bin;C:\Users\KASUN\AppData\Local\.meteor;;C:\Users\KASUN\AppData\Local\Programs\Microsoft VS Code\bin

Yarn version: 
  1.22.4

Node version: 
  12.16.3

Platform: 
  win32 x64

Trace: 
  Error: read ECONNRESET
      at TLSWrap.onStreamRead (internal/stream_base_commons.js:205:27)

npm manifest: 
  {
    "main": "node_modules/expo/AppEntry.js",
    "scripts": {
      "start": "expo start",
      "android": "expo start --android",
      "ios": "expo start --ios",
      "web": "expo start --web",
      "eject": "expo eject"
    },
    "dependencies": {
      "@babel/runtime": "^7.12.13",
      "@react-native-community/masked-view": "0.1.10",
      "@react-native-community/netinfo": "5.9.7",
      "@react-native-community/slider": "3.0.3",
      "@react-navigation/drawer": "^5.12.3",
      "@react-navigation/native": "^5.9.2",
      "@react-navigation/stack": "^5.14.2",
      "axios": "^0.21.1",
      "expo": "~40.0.0",
      "expo-av": "~8.7.0",
      "expo-constants": "~9.3.3",
      "expo-font": "~8.4.0",
      "expo-localization": "~9.1.0",
      "expo-location": "~10.0.0",
      "expo-network": "~2.4.0",
      "expo-permissions": "~10.0.0",
      "expo-status-bar": "~1.0.3",
      "expo-video-player": "^1.6.1",
      "formik": "^2.2.6",
      "i18next": "^19.8.7",
      "moment": "^2.29.1",
      "native-base": "^2.15.2",
      "prop-types": "^15.7.2",
      "react": "16.13.1",
      "react-dom": "16.13.1",
      "react-native": "https://github.com/expo/react-native/archive/sdk-40.0.1.tar.gz",
      "react-native-elements": "^3.1.0",
      "react-native-gesture-handler": "~1.8.0",
      "react-native-maps": "0.27.1",
      "react-native-reanimated": "~1.13.0",
      "react-native-safe-area-context": "3.1.9",
      "react-native-screens": "~2.15.2",
      "react-native-web": "~0.13.12",
      "react-redux": "^7.2.2",
      "redux": "^4.0.5",
      "redux-thunk": "^2.3.0"
    },
    "devDependencies": {
      "@babel/core": "~7.9.0",
      "@babel/plugin-transform-runtime": "^7.12.15"
    },
    "private": true
  }

yarn manifest: 
  No manifest

Lockfile: 
  No lockfile
